[CAPI][INFO] Loading configuration file '/root/project-attribute/build/commonapi.ini'
[CAPI][INFO] Using default binding 'someip'
[CAPI][INFO] Using default shared library folder '/usr/local/lib/commonapi'
[CAPI][DEBUG] Added address mapping: local:commonapi.examples.E02Attributes:v1_0:commonapi.examples.Attributes <--> [1234.5678(1.0)]
[CAPI][VERBOSE] Registering function for creating "commonapi.examples.E02Attributes:v1_0" proxy.
[CAPI][DEBUG] Loading library for local:commonapi.examples.E02Attributes:v1_0:commonapi.examples.Attributes proxy.
[CAPI][DEBUG] Loading interface library "libE02Attributes-someip.so" failed (libE02Attributes-someip.so: cannot open shared object file: No such file or directory)
[CAPI][VERBOSE] Creating proxy for "local:commonapi.examples.E02Attributes:v1_0:commonapi.examples.Attributes"
[CAPI][INFO] Loading configuration file '/root/project-attribute/build/commonapi.ini'
[CAPI][INFO] Using default binding 'someip'
[CAPI][INFO] Using default shared library folder '/usr/local/lib/commonapi'
[CAPI][DEBUG] Added address mapping: local:commonapi.examples.E02Attributes:v1_0:commonapi.examples.Attributes <--> [1234.5678(1.0)]
[CAPI][VERBOSE] Registering function for creating "commonapi.examples.E02Attributes:v1_0" proxy.
[CAPI][DEBUG] Loading library for local:commonapi.examples.E02Attributes:v1_0:commonapi.examples.Attributes proxy.
[CAPI][DEBUG] Loading interface library "libE02Attributes-someip.so" failed (libE02Attributes-someip.so: cannot open shared object file: No such file or directory)
[CAPI][VERBOSE] Creating proxy for "local:commonapi.examples.E02Attributes:v1_0:commonapi.examples.Attributes"
[CAPI][INFO] Loading configuration file '/root/project-attribute/build/commonapi.ini'
[CAPI][INFO] Using default binding 'someip'
[CAPI][INFO] Using default shared library folder '/usr/local/lib/commonapi'
[CAPI][DEBUG] Added address mapping: local:commonapi.examples.E02Attributes:v1_0:commonapi.examples.Attributes <--> [1234.5678(1.0)]
[CAPI][INFO] Registering function for creating "commonapi.examples.E02Attributes:v1_0" stub adapter.
[CAPI][DEBUG] Loading library for local:commonapi.examples.E02Attributes:v1_0:commonapi.examples.Attributes stub.
[CAPI][DEBUG] Loading interface library "libE02Attributes-someip.so" failed (libE02Attributes-someip.so: cannot open shared object file: No such file or directory)
[CAPI][INFO] Registering stub for "local:commonapi.examples.E02Attributes:v1_0:commonapi.examples.Attributes"
[CAPI][DEBUG] Message sent: SenderID: 5678 - ClientID: 256, SessionID: 1
[CAPI][DEBUG] Message sent: SenderID: 5678 - ClientID: 256, SessionID: 2
[CAPI][VERBOSE] MethodAsync(someip): Proxy available -> sendMessageWithReplyAsync
[CAPI][DEBUG] Message sent: SenderID: 5678 - ClientID: 256, SessionID: 3
[CAPI][VERBOSE] MethodAsync(someip): Proxy available -> sendMessageWithReplyAsync
[CAPI][INFO] Loading configuration file '/root/project-attribute/build/commonapi.ini'
[CAPI][INFO] Using default binding 'someip'
[CAPI][INFO] Using default shared library folder '/usr/local/lib/commonapi'
[CAPI][DEBUG] Added address mapping: local:commonapi.examples.E02Attributes:v1_0:commonapi.examples.Attributes <--> [1234.5678(1.0)]
[CAPI][INFO] Registering function for creating "commonapi.examples.E02Attributes:v1_0" stub adapter.
[CAPI][DEBUG] Loading library for local:commonapi.examples.E02Attributes:v1_0:commonapi.examples.Attributes stub.
[CAPI][DEBUG] Loading interface library "libE02Attributes-someip.so" failed (libE02Attributes-someip.so: cannot open shared object file: No such file or directory)
[CAPI][INFO] Registering stub for "local:commonapi.examples.E02Attributes:v1_0:commonapi.examples.Attributes"
[CAPI][INFO] Loading configuration file '/root/project-attribute/build/commonapi.ini'
[CAPI][INFO] Using default binding 'someip'
[CAPI][INFO] Using default shared library folder '/usr/local/lib/commonapi'
[CAPI][DEBUG] Added address mapping: local:commonapi.examples.E02Attributes:v1_0:commonapi.examples.Attributes <--> [1234.5678(1.0)]
[CAPI][VERBOSE] Registering function for creating "commonapi.examples.E02Attributes:v1_0" proxy.
[CAPI][DEBUG] Loading library for local:commonapi.examples.E02Attributes:v1_0:commonapi.examples.Attributes proxy.
[CAPI][DEBUG] Loading interface library "libE02Attributes-someip.so" failed (libE02Attributes-someip.so: cannot open shared object file: No such file or directory)
[CAPI][VERBOSE] Creating proxy for "local:commonapi.examples.E02Attributes:v1_0:commonapi.examples.Attributes"
[CAPI][DEBUG] Message sent: SenderID: 5678 - ClientID: 265, SessionID: 1
[CAPI][INFO] Loading configuration file '/root/project-attribute/build/commonapi.ini'
[CAPI][INFO] Using default binding 'someip'
[CAPI][INFO] Using default shared library folder '/usr/local/lib/commonapi'
[CAPI][DEBUG] Added address mapping: local:commonapi.examples.E02Attributes:v1_0:commonapi.examples.Attributes <--> [1234.5678(1.0)]
[CAPI][VERBOSE] Registering function for creating "commonapi.examples.E02Attributes:v1_0" proxy.
[CAPI][DEBUG] Loading library for local:commonapi.examples.E02Attributes:v1_0:commonapi.examples.Attributes proxy.
[CAPI][DEBUG] Loading interface library "libE02Attributes-someip.so" failed (libE02Attributes-someip.so: cannot open shared object file: No such file or directory)
[CAPI][VERBOSE] Creating proxy for "local:commonapi.examples.E02Attributes:v1_0:commonapi.examples.Attributes"
[CAPI][DEBUG] Message sent: SenderID: 5678 - ClientID: 266, SessionID: 1
[CAPI][INFO] Loading configuration file '/root/project-attribute/build/commonapi.ini'
[CAPI][INFO] Using default binding 'someip'
[CAPI][INFO] Using default shared library folder '/usr/local/lib/commonapi'
[CAPI][DEBUG] Added address mapping: local:commonapi.examples.E02Attributes:v1_0:commonapi.examples.Attributes <--> [1234.5678(1.0)]
[CAPI][VERBOSE] Registering function for creating "commonapi.examples.E02Attributes:v1_0" proxy.
[CAPI][DEBUG] Loading library for local:commonapi.examples.E02Attributes:v1_0:commonapi.examples.Attributes proxy.
[CAPI][DEBUG] Loading interface library "libE02Attributes-someip.so" failed (libE02Attributes-someip.so: cannot open shared object file: No such file or directory)
[CAPI][VERBOSE] Creating proxy for "local:commonapi.examples.E02Attributes:v1_0:commonapi.examples.Attributes"
[CAPI][DEBUG] Message sent: SenderID: 5678 - ClientID: 267, SessionID: 1
[CAPI][INFO] Loading configuration file '/root/project-attribute/build/commonapi.ini'
[CAPI][INFO] Using default binding 'someip'
[CAPI][INFO] Using default shared library folder '/usr/local/lib/commonapi'
[CAPI][DEBUG] Added address mapping: local:commonapi.examples.E02Attributes:v1_0:commonapi.examples.Attributes <--> [1234.5678(1.0)]
[CAPI][INFO] Registering function for creating "commonapi.examples.E02Attributes:v1_0" stub adapter.
[CAPI][DEBUG] Loading library for local:commonapi.examples.E02Attributes:v1_0:commonapi.examples.Attributes stub.
[CAPI][DEBUG] Loading interface library "libE02Attributes-someip.so" failed (libE02Attributes-someip.so: cannot open shared object file: No such file or directory)
[CAPI][INFO] Registering stub for "local:commonapi.examples.E02Attributes:v1_0:commonapi.examples.Attributes"
[CAPI][INFO] Loading configuration file '/root/project-attribute/build/commonapi.ini'
[CAPI][INFO] Using default binding 'someip'
[CAPI][INFO] Using default shared library folder '/usr/local/lib/commonapi'
[CAPI][DEBUG] Added address mapping: local:commonapi.examples.E02Attributes:v1_0:commonapi.examples.Attributes <--> [1234.5678(1.0)]
[CAPI][VERBOSE] Registering function for creating "commonapi.examples.E02Attributes:v1_0" proxy.
[CAPI][DEBUG] Loading library for local:commonapi.examples.E02Attributes:v1_0:commonapi.examples.Attributes proxy.
[CAPI][DEBUG] Loading interface library "libE02Attributes-someip.so" failed (libE02Attributes-someip.so: cannot open shared object file: No such file or directory)
[CAPI][VERBOSE] Creating proxy for "local:commonapi.examples.E02Attributes:v1_0:commonapi.examples.Attributes"
[CAPI][DEBUG] Message sent: SenderID: 5678 - ClientID: 269, SessionID: 1
[CAPI][INFO] Loading configuration file '/root/project-attribute/build/commonapi.ini'
[CAPI][INFO] Using default binding 'someip'
[CAPI][INFO] Using default shared library folder '/usr/local/lib/commonapi'
[CAPI][DEBUG] Added address mapping: local:commonapi.examples.E02Attributes:v1_0:commonapi.examples.Attributes <--> [1234.5678(1.0)]
[CAPI][INFO] Registering function for creating "commonapi.examples.E02Attributes:v1_0" stub adapter.
[CAPI][DEBUG] Loading library for local:commonapi.examples.E02Attributes:v1_0:commonapi.examples.Attributes stub.
[CAPI][DEBUG] Loading interface library "libE02Attributes-someip.so" failed (libE02Attributes-someip.so: cannot open shared object file: No such file or directory)
[CAPI][INFO] Registering stub for "local:commonapi.examples.E02Attributes:v1_0:commonapi.examples.Attributes"
[CAPI][INFO] Loading configuration file '/root/project-attribute/build/commonapi.ini'
[CAPI][INFO] Using default binding 'someip'
[CAPI][INFO] Using default shared library folder '/usr/local/lib/commonapi'
[CAPI][DEBUG] Added address mapping: local:commonapi.examples.E02Attributes:v1_0:commonapi.examples.Attributes <--> [1234.5678(1.0)]
[CAPI][VERBOSE] Registering function for creating "commonapi.examples.E02Attributes:v1_0" proxy.
[CAPI][DEBUG] Loading library for local:commonapi.examples.E02Attributes:v1_0:commonapi.examples.Attributes proxy.
[CAPI][DEBUG] Loading interface library "libE02Attributes-someip.so" failed (libE02Attributes-someip.so: cannot open shared object file: No such file or directory)
[CAPI][VERBOSE] Creating proxy for "local:commonapi.examples.E02Attributes:v1_0:commonapi.examples.Attributes"
[CAPI][DEBUG] Message sent: SenderID: 5678 - ClientID: 257, SessionID: 1
[CAPI][DEBUG] Message sent: SenderID: 5678 - ClientID: 257, SessionID: 2
[CAPI][VERBOSE] MethodAsync(someip): Proxy available -> sendMessageWithReplyAsync
[CAPI][DEBUG] Message sent: SenderID: 5678 - ClientID: 257, SessionID: 3
[CAPI][VERBOSE] MethodAsync(someip): Proxy available -> sendMessageWithReplyAsync
[CAPI][INFO] Loading configuration file '/root/project-attribute/build/commonapi.ini'
[CAPI][INFO] Using default binding 'someip'
[CAPI][INFO] Using default shared library folder '/usr/local/lib/commonapi'
[CAPI][DEBUG] Added address mapping: local:commonapi.examples.E02Attributes:v1_0:commonapi.examples.Attributes <--> [1234.5678(1.0)]
[CAPI][VERBOSE] Registering function for creating "commonapi.examples.E02Attributes:v1_0" proxy.
[CAPI][DEBUG] Loading library for local:commonapi.examples.E02Attributes:v1_0:commonapi.examples.Attributes proxy.
[CAPI][DEBUG] Loading interface library "libE02Attributes-someip.so" failed (libE02Attributes-someip.so: cannot open shared object file: No such file or directory)
[CAPI][VERBOSE] Creating proxy for "local:commonapi.examples.E02Attributes:v1_0:commonapi.examples.Attributes"
[CAPI][DEBUG] Message sent: SenderID: 5678 - ClientID: 258, SessionID: 1
[CAPI][DEBUG] Message sent: SenderID: 5678 - ClientID: 258, SessionID: 2
[CAPI][VERBOSE] MethodAsync(someip): Proxy available -> sendMessageWithReplyAsync
[CAPI][DEBUG] Message sent: SenderID: 5678 - ClientID: 258, SessionID: 3
[CAPI][VERBOSE] MethodAsync(someip): Proxy available -> sendMessageWithReplyAsync
[CAPI][INFO] Loading configuration file '/root/project-attribute/build/commonapi.ini'
[CAPI][INFO] Using default binding 'someip'
[CAPI][INFO] Using default shared library folder '/usr/local/lib/commonapi'
[CAPI][DEBUG] Added address mapping: local:commonapi.examples.E02Attributes:v1_0:commonapi.examples.Attributes <--> [1234.5678(1.0)]
[CAPI][VERBOSE] Registering function for creating "commonapi.examples.E02Attributes:v1_0" proxy.
[CAPI][DEBUG] Loading library for local:commonapi.examples.E02Attributes:v1_0:commonapi.examples.Attributes proxy.
[CAPI][DEBUG] Loading interface library "libE02Attributes-someip.so" failed (libE02Attributes-someip.so: cannot open shared object file: No such file or directory)
[CAPI][VERBOSE] Creating proxy for "local:commonapi.examples.E02Attributes:v1_0:commonapi.examples.Attributes"
[CAPI][DEBUG] Message sent: SenderID: 5678 - ClientID: 259, SessionID: 1
[CAPI][DEBUG] Message sent: SenderID: 5678 - ClientID: 259, SessionID: 2
[CAPI][VERBOSE] MethodAsync(someip): Proxy available -> sendMessageWithReplyAsync
[CAPI][DEBUG] Message sent: SenderID: 5678 - ClientID: 259, SessionID: 3
[CAPI][VERBOSE] MethodAsync(someip): Proxy available -> sendMessageWithReplyAsync
[CAPI][INFO] Loading configuration file '/root/project-attribute/build/commonapi.ini'
[CAPI][INFO] Using default binding 'someip'
[CAPI][INFO] Using default shared library folder '/usr/local/lib/commonapi'
[CAPI][DEBUG] Added address mapping: local:commonapi.examples.E02Attributes:v1_0:commonapi.examples.Attributes <--> [1234.5678(1.0)]
[CAPI][VERBOSE] Registering function for creating "commonapi.examples.E02Attributes:v1_0" proxy.
[CAPI][DEBUG] Loading library for local:commonapi.examples.E02Attributes:v1_0:commonapi.examples.Attributes proxy.
[CAPI][DEBUG] Loading interface library "libE02Attributes-someip.so" failed (libE02Attributes-someip.so: cannot open shared object file: No such file or directory)
[CAPI][VERBOSE] Creating proxy for "local:commonapi.examples.E02Attributes:v1_0:commonapi.examples.Attributes"
[CAPI][DEBUG] Message sent: SenderID: 5678 - ClientID: 260, SessionID: 1
[CAPI][DEBUG] Message sent: SenderID: 5678 - ClientID: 260, SessionID: 2
[CAPI][VERBOSE] MethodAsync(someip): Proxy available -> sendMessageWithReplyAsync
[CAPI][DEBUG] Message sent: SenderID: 5678 - ClientID: 260, SessionID: 3
[CAPI][VERBOSE] MethodAsync(someip): Proxy available -> sendMessageWithReplyAsync
[CAPI][INFO] Loading configuration file '/root/project-attribute/build/commonapi.ini'
[CAPI][INFO] Using default binding 'someip'
[CAPI][INFO] Using default shared library folder '/usr/local/lib/commonapi'
[CAPI][DEBUG] Added address mapping: local:commonapi.examples.E02Attributes:v1_0:commonapi.examples.Attributes <--> [1234.5678(1.0)]
[CAPI][VERBOSE] Registering function for creating "commonapi.examples.E02Attributes:v1_0" proxy.
[CAPI][DEBUG] Loading library for local:commonapi.examples.E02Attributes:v1_0:commonapi.examples.Attributes proxy.
[CAPI][DEBUG] Loading interface library "libE02Attributes-someip.so" failed (libE02Attributes-someip.so: cannot open shared object file: No such file or directory)
[CAPI][VERBOSE] Creating proxy for "local:commonapi.examples.E02Attributes:v1_0:commonapi.examples.Attributes"
[CAPI][DEBUG] Message sent: SenderID: 5678 - ClientID: 261, SessionID: 1
[CAPI][DEBUG] Message sent: SenderID: 5678 - ClientID: 261, SessionID: 2
[CAPI][VERBOSE] MethodAsync(someip): Proxy available -> sendMessageWithReplyAsync
[CAPI][DEBUG] Message sent: SenderID: 5678 - ClientID: 261, SessionID: 3
[CAPI][VERBOSE] MethodAsync(someip): Proxy available -> sendMessageWithReplyAsync
[CAPI][INFO] Loading configuration file '/root/project-attribute/build/commonapi.ini'
[CAPI][INFO] Using default binding 'someip'
[CAPI][INFO] Using default shared library folder '/usr/local/lib/commonapi'
[CAPI][DEBUG] Added address mapping: local:commonapi.examples.E02Attributes:v1_0:commonapi.examples.Attributes <--> [1234.5678(1.0)]
[CAPI][INFO] Registering function for creating "commonapi.examples.E02Attributes:v1_0" stub adapter.
[CAPI][DEBUG] Loading library for local:commonapi.examples.E02Attributes:v1_0:commonapi.examples.Attributes stub.
[CAPI][DEBUG] Loading interface library "libE02Attributes-someip.so" failed (libE02Attributes-someip.so: cannot open shared object file: No such file or directory)
[CAPI][INFO] Registering stub for "local:commonapi.examples.E02Attributes:v1_0:commonapi.examples.Attributes"
[CAPI][INFO] Loading configuration file '/root/project-attribute/build/commonapi.ini'
[CAPI][INFO] Using default binding 'someip'
[CAPI][INFO] Using default shared library folder '/usr/local/lib/commonapi'
[CAPI][DEBUG] Added address mapping: local:commonapi.examples.E02Attributes:v1_0:commonapi.examples.Attributes <--> [1234.5678(1.0)]
[CAPI][VERBOSE] Registering function for creating "commonapi.examples.E02Attributes:v1_0" proxy.
[CAPI][DEBUG] Loading library for local:commonapi.examples.E02Attributes:v1_0:commonapi.examples.Attributes proxy.
[CAPI][DEBUG] Loading interface library "libE02Attributes-someip.so" failed (libE02Attributes-someip.so: cannot open shared object file: No such file or directory)
[CAPI][VERBOSE] Creating proxy for "local:commonapi.examples.E02Attributes:v1_0:commonapi.examples.Attributes"
[CAPI][DEBUG] Message sent: SenderID: 5678 - ClientID: 257, SessionID: 1
[CAPI][DEBUG] Message sent: SenderID: 5678 - ClientID: 257, SessionID: 2
[CAPI][VERBOSE] MethodAsync(someip): Proxy available -> sendMessageWithReplyAsync
[CAPI][DEBUG] Message sent: SenderID: 5678 - ClientID: 257, SessionID: 3
[CAPI][VERBOSE] MethodAsync(someip): Proxy available -> sendMessageWithReplyAsync
[CAPI][INFO] Loading configuration file '/root/project-attribute/build/commonapi.ini'
[CAPI][INFO] Using default binding 'someip'
[CAPI][INFO] Using default shared library folder '/usr/local/lib/commonapi'
[CAPI][DEBUG] Added address mapping: local:commonapi.examples.E02Attributes:v1_0:commonapi.examples.Attributes <--> [1234.5678(1.0)]
[CAPI][INFO] Registering function for creating "commonapi.examples.E02Attributes:v1_0" stub adapter.
[CAPI][DEBUG] Loading library for local:commonapi.examples.E02Attributes:v1_0:commonapi.examples.Attributes stub.
[CAPI][DEBUG] Loading interface library "libE02Attributes-someip.so" failed (libE02Attributes-someip.so: cannot open shared object file: No such file or directory)
[CAPI][INFO] Registering stub for "local:commonapi.examples.E02Attributes:v1_0:commonapi.examples.Attributes"
[CAPI][INFO] Loading configuration file '/root/project-attribute/build/commonapi.ini'
[CAPI][INFO] Using default binding 'someip'
[CAPI][INFO] Using default shared library folder '/usr/local/lib/commonapi'
[CAPI][DEBUG] Added address mapping: local:commonapi.examples.E02Attributes:v1_0:commonapi.examples.Attributes <--> [1234.5678(1.0)]
[CAPI][VERBOSE] Registering function for creating "commonapi.examples.E02Attributes:v1_0" proxy.
[CAPI][DEBUG] Loading library for local:commonapi.examples.E02Attributes:v1_0:commonapi.examples.Attributes proxy.
[CAPI][DEBUG] Loading interface library "libE02Attributes-someip.so" failed (libE02Attributes-someip.so: cannot open shared object file: No such file or directory)
[CAPI][VERBOSE] Creating proxy for "local:commonapi.examples.E02Attributes:v1_0:commonapi.examples.Attributes"
[CAPI][DEBUG] Message sent: SenderID: 5678 - ClientID: 257, SessionID: 1
[CAPI][DEBUG] Message sent: SenderID: 5678 - ClientID: 257, SessionID: 2
[CAPI][VERBOSE] MethodAsync(someip): Proxy available -> sendMessageWithReplyAsync
[CAPI][DEBUG] Message sent: SenderID: 5678 - ClientID: 257, SessionID: 3
[CAPI][VERBOSE] MethodAsync(someip): Proxy available -> sendMessageWithReplyAsync
[CAPI][INFO] Loading configuration file '/root/project-attribute/build/commonapi.ini'
[CAPI][INFO] Using default binding 'someip'
[CAPI][INFO] Using default shared library folder '/usr/local/lib/commonapi'
[CAPI][DEBUG] Added address mapping: local:commonapi.examples.E02Attributes:v1_0:commonapi.examples.Attributes <--> [1234.5678(1.0)]
[CAPI][VERBOSE] Registering function for creating "commonapi.examples.E02Attributes:v1_0" proxy.
[CAPI][DEBUG] Loading library for local:commonapi.examples.E02Attributes:v1_0:commonapi.examples.Attributes proxy.
[CAPI][DEBUG] Loading interface library "libE02Attributes-someip.so" failed (libE02Attributes-someip.so: cannot open shared object file: No such file or directory)
[CAPI][VERBOSE] Creating proxy for "local:commonapi.examples.E02Attributes:v1_0:commonapi.examples.Attributes"
[CAPI][DEBUG] Message sent: SenderID: 5678 - ClientID: 258, SessionID: 1
[CAPI][DEBUG] Message sent: SenderID: 5678 - ClientID: 258, SessionID: 2
[CAPI][VERBOSE] MethodAsync(someip): Proxy available -> sendMessageWithReplyAsync
[CAPI][DEBUG] Message sent: SenderID: 5678 - ClientID: 258, SessionID: 3
[CAPI][VERBOSE] MethodAsync(someip): Proxy available -> sendMessageWithReplyAsync
[CAPI][INFO] Loading configuration file '/root/project-attribute/build/commonapi.ini'
[CAPI][INFO] Using default binding 'someip'
[CAPI][INFO] Using default shared library folder '/usr/local/lib/commonapi'
[CAPI][DEBUG] Added address mapping: local:commonapi.examples.E02Attributes:v1_0:commonapi.examples.Attributes <--> [1234.5678(1.0)]
[CAPI][VERBOSE] Registering function for creating "commonapi.examples.E02Attributes:v1_0" proxy.
[CAPI][DEBUG] Loading library for local:commonapi.examples.E02Attributes:v1_0:commonapi.examples.Attributes proxy.
[CAPI][DEBUG] Loading interface library "libE02Attributes-someip.so" failed (libE02Attributes-someip.so: cannot open shared object file: No such file or directory)
[CAPI][VERBOSE] Creating proxy for "local:commonapi.examples.E02Attributes:v1_0:commonapi.examples.Attributes"
[CAPI][DEBUG] Message sent: SenderID: 5678 - ClientID: 259, SessionID: 1
[CAPI][DEBUG] Message sent: SenderID: 5678 - ClientID: 259, SessionID: 2
[CAPI][VERBOSE] MethodAsync(someip): Proxy available -> sendMessageWithReplyAsync
[CAPI][DEBUG] Message sent: SenderID: 5678 - ClientID: 259, SessionID: 3
[CAPI][VERBOSE] MethodAsync(someip): Proxy available -> sendMessageWithReplyAsync
[CAPI][INFO] Loading configuration file '/root/project-attribute/build/commonapi.ini'
[CAPI][INFO] Using default binding 'someip'
[CAPI][INFO] Using default shared library folder '/usr/local/lib/commonapi'
[CAPI][DEBUG] Added address mapping: local:commonapi.examples.E02Attributes:v1_0:commonapi.examples.Attributes <--> [1234.5678(1.0)]
[CAPI][VERBOSE] Registering function for creating "commonapi.examples.E02Attributes:v1_0" proxy.
[CAPI][DEBUG] Loading library for local:commonapi.examples.E02Attributes:v1_0:commonapi.examples.Attributes proxy.
[CAPI][DEBUG] Loading interface library "libE02Attributes-someip.so" failed (libE02Attributes-someip.so: cannot open shared object file: No such file or directory)
[CAPI][VERBOSE] Creating proxy for "local:commonapi.examples.E02Attributes:v1_0:commonapi.examples.Attributes"
[CAPI][DEBUG] Message sent: SenderID: 5678 - ClientID: 260, SessionID: 1
[CAPI][DEBUG] Message sent: SenderID: 5678 - ClientID: 260, SessionID: 2
[CAPI][VERBOSE] MethodAsync(someip): Proxy available -> sendMessageWithReplyAsync
[CAPI][DEBUG] Message sent: SenderID: 5678 - ClientID: 260, SessionID: 3
[CAPI][VERBOSE] MethodAsync(someip): Proxy available -> sendMessageWithReplyAsync
[CAPI][INFO] Loading configuration file '/root/project-attribute/build/commonapi.ini'
[CAPI][INFO] Using default binding 'someip'
[CAPI][INFO] Using default shared library folder '/usr/local/lib/commonapi'
[CAPI][DEBUG] Added address mapping: local:commonapi.examples.E02Attributes:v1_0:commonapi.examples.Attributes <--> [1234.5678(1.0)]
[CAPI][VERBOSE] Registering function for creating "commonapi.examples.E02Attributes:v1_0" proxy.
[CAPI][DEBUG] Loading library for local:commonapi.examples.E02Attributes:v1_0:commonapi.examples.Attributes proxy.
[CAPI][DEBUG] Loading interface library "libE02Attributes-someip.so" failed (libE02Attributes-someip.so: cannot open shared object file: No such file or directory)
[CAPI][VERBOSE] Creating proxy for "local:commonapi.examples.E02Attributes:v1_0:commonapi.examples.Attributes"
[CAPI][DEBUG] Message sent: SenderID: 5678 - ClientID: 261, SessionID: 1
[CAPI][DEBUG] Message sent: SenderID: 5678 - ClientID: 261, SessionID: 2
[CAPI][VERBOSE] MethodAsync(someip): Proxy available -> sendMessageWithReplyAsync
[CAPI][DEBUG] Message sent: SenderID: 5678 - ClientID: 261, SessionID: 3
[CAPI][VERBOSE] MethodAsync(someip): Proxy available -> sendMessageWithReplyAsync
[CAPI][INFO] Loading configuration file '/root/project-attribute/build/commonapi.ini'
[CAPI][INFO] Using default binding 'someip'
[CAPI][INFO] Using default shared library folder '/usr/local/lib/commonapi'
[CAPI][DEBUG] Added address mapping: local:commonapi.examples.E02Attributes:v1_0:commonapi.examples.Attributes <--> [1234.5678(1.0)]
[CAPI][VERBOSE] Registering function for creating "commonapi.examples.E02Attributes:v1_0" proxy.
[CAPI][DEBUG] Loading library for local:commonapi.examples.E02Attributes:v1_0:commonapi.examples.Attributes proxy.
[CAPI][DEBUG] Loading interface library "libE02Attributes-someip.so" failed (libE02Attributes-someip.so: cannot open shared object file: No such file or directory)
[CAPI][VERBOSE] Creating proxy for "local:commonapi.examples.E02Attributes:v1_0:commonapi.examples.Attributes"
[CAPI][DEBUG] Message sent: SenderID: 5678 - ClientID: 262, SessionID: 1
[CAPI][DEBUG] Message sent: SenderID: 5678 - ClientID: 262, SessionID: 2
[CAPI][VERBOSE] MethodAsync(someip): Proxy available -> sendMessageWithReplyAsync
[CAPI][DEBUG] Message sent: SenderID: 5678 - ClientID: 262, SessionID: 3
[CAPI][VERBOSE] MethodAsync(someip): Proxy available -> sendMessageWithReplyAsync
[CAPI][INFO] Loading configuration file '/root/project-attribute/build/commonapi.ini'
[CAPI][INFO] Using default binding 'someip'
[CAPI][INFO] Using default shared library folder '/usr/local/lib/commonapi'
[CAPI][DEBUG] Added address mapping: local:commonapi.examples.E02Attributes:v1_0:commonapi.examples.Attributes <--> [1234.5678(1.0)]
[CAPI][VERBOSE] Registering function for creating "commonapi.examples.E02Attributes:v1_0" proxy.
[CAPI][DEBUG] Loading library for local:commonapi.examples.E02Attributes:v1_0:commonapi.examples.Attributes proxy.
[CAPI][DEBUG] Loading interface library "libE02Attributes-someip.so" failed (libE02Attributes-someip.so: cannot open shared object file: No such file or directory)
[CAPI][VERBOSE] Creating proxy for "local:commonapi.examples.E02Attributes:v1_0:commonapi.examples.Attributes"
[CAPI][DEBUG] Message sent: SenderID: 5678 - ClientID: 263, SessionID: 1
[CAPI][DEBUG] Message sent: SenderID: 5678 - ClientID: 263, SessionID: 2
[CAPI][VERBOSE] MethodAsync(someip): Proxy available -> sendMessageWithReplyAsync
[CAPI][DEBUG] Message sent: SenderID: 5678 - ClientID: 263, SessionID: 3
[CAPI][VERBOSE] MethodAsync(someip): Proxy available -> sendMessageWithReplyAsync
[CAPI][INFO] Loading configuration file '/root/project-attribute/build/commonapi.ini'
[CAPI][INFO] Using default binding 'someip'
[CAPI][INFO] Using default shared library folder '/usr/local/lib/commonapi'
[CAPI][DEBUG] Added address mapping: local:commonapi.examples.E02Attributes:v1_0:commonapi.examples.Attributes <--> [1234.5678(1.0)]
[CAPI][VERBOSE] Registering function for creating "commonapi.examples.E02Attributes:v1_0" proxy.
[CAPI][DEBUG] Loading library for local:commonapi.examples.E02Attributes:v1_0:commonapi.examples.Attributes proxy.
[CAPI][DEBUG] Loading interface library "libE02Attributes-someip.so" failed (libE02Attributes-someip.so: cannot open shared object file: No such file or directory)
[CAPI][VERBOSE] Creating proxy for "local:commonapi.examples.E02Attributes:v1_0:commonapi.examples.Attributes"
[CAPI][DEBUG] Message sent: SenderID: 5678 - ClientID: 264, SessionID: 1
[CAPI][DEBUG] Message sent: SenderID: 5678 - ClientID: 264, SessionID: 2
[CAPI][VERBOSE] MethodAsync(someip): Proxy available -> sendMessageWithReplyAsync
[CAPI][DEBUG] Message sent: SenderID: 5678 - ClientID: 264, SessionID: 3
[CAPI][VERBOSE] MethodAsync(someip): Proxy available -> sendMessageWithReplyAsync
[CAPI][INFO] Loading configuration file '/root/project-attribute/build/commonapi.ini'
[CAPI][INFO] Using default binding 'someip'
[CAPI][INFO] Using default shared library folder '/usr/local/lib/commonapi'
[CAPI][DEBUG] Added address mapping: local:commonapi.examples.E02Attributes:v1_0:commonapi.examples.Attributes <--> [1234.5678(1.0)]
[CAPI][INFO] Registering function for creating "commonapi.examples.E02Attributes:v1_0" stub adapter.
[CAPI][DEBUG] Loading library for local:commonapi.examples.E02Attributes:v1_0:commonapi.examples.Attributes stub.
[CAPI][DEBUG] Loading interface library "libE02Attributes-someip.so" failed (libE02Attributes-someip.so: cannot open shared object file: No such file or directory)
[CAPI][INFO] Registering stub for "local:commonapi.examples.E02Attributes:v1_0:commonapi.examples.Attributes"
[CAPI][INFO] Loading configuration file '/root/project-attribute/build/commonapi.ini'
[CAPI][INFO] Using default binding 'someip'
[CAPI][INFO] Using default shared library folder '/usr/local/lib/commonapi'
[CAPI][DEBUG] Added address mapping: local:commonapi.examples.E02Attributes:v1_0:commonapi.examples.Attributes <--> [1234.5678(1.0)]
[CAPI][VERBOSE] Registering function for creating "commonapi.examples.E02Attributes:v1_0" proxy.
[CAPI][DEBUG] Loading library for local:commonapi.examples.E02Attributes:v1_0:commonapi.examples.Attributes proxy.
[CAPI][DEBUG] Loading interface library "libE02Attributes-someip.so" failed (libE02Attributes-someip.so: cannot open shared object file: No such file or directory)
[CAPI][VERBOSE] Creating proxy for "local:commonapi.examples.E02Attributes:v1_0:commonapi.examples.Attributes"
[CAPI][DEBUG] Message sent: SenderID: 5678 - ClientID: 257, SessionID: 1
[CAPI][DEBUG] Message sent: SenderID: 5678 - ClientID: 257, SessionID: 2
[CAPI][VERBOSE] MethodAsync(someip): Proxy available -> sendMessageWithReplyAsync
[CAPI][DEBUG] Message sent: SenderID: 5678 - ClientID: 257, SessionID: 3
[CAPI][VERBOSE] MethodAsync(someip): Proxy available -> sendMessageWithReplyAsync
[CAPI][INFO] Loading configuration file '/root/project-attribute/build/commonapi.ini'
[CAPI][INFO] Using default binding 'someip'
[CAPI][INFO] Using default shared library folder '/usr/local/lib/commonapi'
[CAPI][DEBUG] Added address mapping: local:commonapi.examples.E02Attributes:v1_0:commonapi.examples.Attributes <--> [1234.5678(1.0)]
[CAPI][VERBOSE] Registering function for creating "commonapi.examples.E02Attributes:v1_0" proxy.
[CAPI][DEBUG] Loading library for local:commonapi.examples.E02Attributes:v1_0:commonapi.examples.Attributes proxy.
[CAPI][DEBUG] Loading interface library "libE02Attributes-someip.so" failed (libE02Attributes-someip.so: cannot open shared object file: No such file or directory)
[CAPI][VERBOSE] Creating proxy for "local:commonapi.examples.E02Attributes:v1_0:commonapi.examples.Attributes"
[CAPI][DEBUG] Message sent: SenderID: 5678 - ClientID: 258, SessionID: 1
[CAPI][DEBUG] Message sent: SenderID: 5678 - ClientID: 258, SessionID: 2
[CAPI][VERBOSE] MethodAsync(someip): Proxy available -> sendMessageWithReplyAsync
[CAPI][DEBUG] Message sent: SenderID: 5678 - ClientID: 258, SessionID: 3
[CAPI][VERBOSE] MethodAsync(someip): Proxy available -> sendMessageWithReplyAsync
[CAPI][INFO] Loading configuration file '/root/project-attribute/build/commonapi.ini'
[CAPI][INFO] Using default binding 'someip'
[CAPI][INFO] Using default shared library folder '/usr/local/lib/commonapi'
[CAPI][DEBUG] Added address mapping: local:commonapi.examples.E02Attributes:v1_0:commonapi.examples.Attributes <--> [1234.5678(1.0)]
[CAPI][INFO] Registering function for creating "commonapi.examples.E02Attributes:v1_0" stub adapter.
[CAPI][DEBUG] Loading library for local:commonapi.examples.E02Attributes:v1_0:commonapi.examples.Attributes stub.
[CAPI][DEBUG] Loading interface library "libE02Attributes-someip.so" failed (libE02Attributes-someip.so: cannot open shared object file: No such file or directory)
[CAPI][INFO] Registering stub for "local:commonapi.examples.E02Attributes:v1_0:commonapi.examples.Attributes"
[CAPI][INFO] Loading configuration file '/root/project-attribute/build/commonapi.ini'
[CAPI][INFO] Using default binding 'someip'
[CAPI][INFO] Using default shared library folder '/usr/local/lib/commonapi'
[CAPI][DEBUG] Added address mapping: local:commonapi.examples.E02Attributes:v1_0:commonapi.examples.Attributes <--> [1234.5678(1.0)]
[CAPI][VERBOSE] Registering function for creating "commonapi.examples.E02Attributes:v1_0" proxy.
[CAPI][DEBUG] Loading library for local:commonapi.examples.E02Attributes:v1_0:commonapi.examples.Attributes proxy.
[CAPI][DEBUG] Loading interface library "libE02Attributes-someip.so" failed (libE02Attributes-someip.so: cannot open shared object file: No such file or directory)
[CAPI][VERBOSE] Creating proxy for "local:commonapi.examples.E02Attributes:v1_0:commonapi.examples.Attributes"
[CAPI][DEBUG] Message sent: SenderID: 5678 - ClientID: 257, SessionID: 1
[CAPI][DEBUG] Message sent: SenderID: 5678 - ClientID: 257, SessionID: 2
[CAPI][VERBOSE] MethodAsync(someip): Proxy available -> sendMessageWithReplyAsync
[CAPI][DEBUG] Message sent: SenderID: 5678 - ClientID: 257, SessionID: 3
[CAPI][VERBOSE] MethodAsync(someip): Proxy available -> sendMessageWithReplyAsync
[CAPI][INFO] Loading configuration file '/root/project-attribute/build/commonapi.ini'
[CAPI][INFO] Using default binding 'someip'
[CAPI][INFO] Using default shared library folder '/usr/local/lib/commonapi'
[CAPI][DEBUG] Added address mapping: local:commonapi.examples.E02Attributes:v1_0:commonapi.examples.Attributes <--> [1234.5678(1.0)]
[CAPI][INFO] Registering function for creating "commonapi.examples.E02Attributes:v1_0" stub adapter.
[CAPI][DEBUG] Loading library for local:commonapi.examples.E02Attributes:v1_0:commonapi.examples.Attributes stub.
[CAPI][DEBUG] Loading interface library "libE02Attributes-someip.so" failed (libE02Attributes-someip.so: cannot open shared object file: No such file or directory)
[CAPI][INFO] Registering stub for "local:commonapi.examples.E02Attributes:v1_0:commonapi.examples.Attributes"
[CAPI][INFO] Loading configuration file '/root/project-attribute/build/commonapi.ini'
[CAPI][INFO] Using default binding 'someip'
[CAPI][INFO] Using default shared library folder '/usr/local/lib/commonapi'
[CAPI][DEBUG] Added address mapping: local:commonapi.examples.E02Attributes:v1_0:commonapi.examples.Attributes <--> [1234.5678(1.0)]
[CAPI][VERBOSE] Registering function for creating "commonapi.examples.E02Attributes:v1_0" proxy.
[CAPI][DEBUG] Loading library for local:commonapi.examples.E02Attributes:v1_0:commonapi.examples.Attributes proxy.
[CAPI][DEBUG] Loading interface library "libE02Attributes-someip.so" failed (libE02Attributes-someip.so: cannot open shared object file: No such file or directory)
[CAPI][VERBOSE] Creating proxy for "local:commonapi.examples.E02Attributes:v1_0:commonapi.examples.Attributes"
[CAPI][DEBUG] Message sent: SenderID: 5678 - ClientID: 257, SessionID: 1
[CAPI][DEBUG] Message sent: SenderID: 5678 - ClientID: 257, SessionID: 2
[CAPI][VERBOSE] MethodAsync(someip): Proxy available -> sendMessageWithReplyAsync
[CAPI][DEBUG] Message sent: SenderID: 5678 - ClientID: 257, SessionID: 3
[CAPI][VERBOSE] MethodAsync(someip): Proxy available -> sendMessageWithReplyAsync
